0 info it worked if it ends with ok
1 verbose cli [ '/usr/local/bin/node', '/usr/local/bin/npm', 'publish', 'help' ]
2 info using npm@3.10.10
3 info using node@v6.10.2
4 verbose publish [ 'help' ]
5 silly cache add args [ 'help', null ]
6 verbose cache add spec help
7 silly cache add parsed spec Result {
7 silly cache add   raw: 'help',
7 silly cache add   scope: null,
7 silly cache add   escapedName: 'help',
7 silly cache add   name: 'help',
7 silly cache add   rawSpec: '',
7 silly cache add   spec: 'latest',
7 silly cache add   type: 'tag' }
8 silly addNamed help@latest
9 verbose addNamed "latest" is being treated as a dist-tag for help
10 info addNameTag [ 'help', 'latest' ]
11 silly mapToRegistry name help
12 silly mapToRegistry using default registry
13 silly mapToRegistry registry https://registry.npmjs.org/
14 silly mapToRegistry data Result {
14 silly mapToRegistry   raw: 'help',
14 silly mapToRegistry   scope: null,
14 silly mapToRegistry   escapedName: 'help',
14 silly mapToRegistry   name: 'help',
14 silly mapToRegistry   rawSpec: '',
14 silly mapToRegistry   spec: 'latest',
14 silly mapToRegistry   type: 'tag' }
15 silly mapToRegistry uri https://registry.npmjs.org/help
16 verbose addNameTag registry:https://registry.npmjs.org/help not in flight; fetching
17 verbose request uri https://registry.npmjs.org/help
18 verbose request no auth needed
19 info attempt registry request try #1 at 7:31:15 PM
20 verbose request using bearer token for auth
21 verbose request id de36b562326e948b
22 http request GET https://registry.npmjs.org/help
23 http 200 https://registry.npmjs.org/help
24 verbose headers { 'content-type': 'application/json; charset=UTF-8',
24 verbose headers   server: 'UploadServer',
24 verbose headers   'cache-control': 'max-age=300',
24 verbose headers   'last-modified': 'Tue, 5 Dec 2017 16:36:09 GMT',
24 verbose headers   etag: '"5a26caf9-2b9b"',
24 verbose headers   'content-encoding': 'gzip',
24 verbose headers   'content-length': '2384',
24 verbose headers   'accept-ranges': 'bytes',
24 verbose headers   date: 'Fri, 29 Dec 2017 22:31:16 GMT',
24 verbose headers   via: '1.1 varnish',
24 verbose headers   age: '0',
24 verbose headers   connection: 'keep-alive',
24 verbose headers   'x-served-by': 'cache-gig17020-GIG',
24 verbose headers   'x-cache': 'MISS',
24 verbose headers   'x-cache-hits': '0',
24 verbose headers   'x-timer': 'S1514586676.967760,VS0,VE208',
24 verbose headers   vary: 'Accept-Encoding, Accept' }
25 silly get cb [ 200,
25 silly get   { 'content-type': 'application/json; charset=UTF-8',
25 silly get     server: 'UploadServer',
25 silly get     'cache-control': 'max-age=300',
25 silly get     'last-modified': 'Tue, 5 Dec 2017 16:36:09 GMT',
25 silly get     etag: '"5a26caf9-2b9b"',
25 silly get     'content-encoding': 'gzip',
25 silly get     'content-length': '2384',
25 silly get     'accept-ranges': 'bytes',
25 silly get     date: 'Fri, 29 Dec 2017 22:31:16 GMT',
25 silly get     via: '1.1 varnish',
25 silly get     age: '0',
25 silly get     connection: 'keep-alive',
25 silly get     'x-served-by': 'cache-gig17020-GIG',
25 silly get     'x-cache': 'MISS',
25 silly get     'x-cache-hits': '0',
25 silly get     'x-timer': 'S1514586676.967760,VS0,VE208',
25 silly get     vary: 'Accept-Encoding, Accept' } ]
26 verbose get saving help to /home/caio/.npm/registry.npmjs.org/help/.cache.json
27 verbose correctMkdir /home/caio/.npm correctMkdir not in flight; initializing
28 silly addNameTag next cb for help with tag latest
29 silly addNamed help@3.0.2
30 verbose addNamed "3.0.2" is a plain semver version for help
31 silly mapToRegistry name help
32 silly mapToRegistry using default registry
33 silly mapToRegistry registry https://registry.npmjs.org/
34 silly mapToRegistry data Result {
34 silly mapToRegistry   raw: 'help',
34 silly mapToRegistry   scope: null,
34 silly mapToRegistry   escapedName: 'help',
34 silly mapToRegistry   name: 'help',
34 silly mapToRegistry   rawSpec: '',
34 silly mapToRegistry   spec: 'latest',
34 silly mapToRegistry   type: 'tag' }
35 silly mapToRegistry uri https://registry.npmjs.org/help
36 verbose addRemoteTarball https://registry.npmjs.org/help/-/help-3.0.2.tgz not in flight; adding
37 verbose addRemoteTarball [ 'https://registry.npmjs.org/help/-/help-3.0.2.tgz',
37 verbose addRemoteTarball   '96e190d4a0a453b89c2cb4b05ab38e3a8f9fdadd' ]
38 info retry fetch attempt 1 at 7:31:16 PM
39 info attempt registry request try #1 at 7:31:16 PM
40 http fetch GET https://registry.npmjs.org/help/-/help-3.0.2.tgz
41 verbose request using bearer token for auth
42 http fetch 200 https://registry.npmjs.org/help/-/help-3.0.2.tgz
43 silly fetchAndShaCheck shasum 96e190d4a0a453b89c2cb4b05ab38e3a8f9fdadd
44 verbose addTmpTarball /tmp/npm-8175-f4793868/registry.npmjs.org/help/-/help-3.0.2.tgz not in flight; adding
45 verbose addTmpTarball already have metadata; skipping unpack for help@3.0.2
46 verbose correctMkdir /home/caio/.npm correctMkdir not in flight; initializing
47 silly cache afterAdd help@3.0.2
48 verbose afterAdd /home/caio/.npm/help/3.0.2/package/package.json not in flight; writing
49 verbose correctMkdir /home/caio/.npm correctMkdir not in flight; initializing
50 verbose afterAdd /home/caio/.npm/help/3.0.2/package/package.json written
51 silly publish { name: 'help',
51 silly publish   version: '3.0.2',
51 silly publish   description: 'substack way of --help',
51 silly publish   main: 'index.js',
51 silly publish   scripts: { test: 'tap test/test.js --cov' },
51 silly publish   dependencies: {},
51 silly publish   devDependencies: { tap: '~2.2.0' },
51 silly publish   license: 'MIT',
51 silly publish   author: { name: 'Evan Lucas', email: 'evanlucas@me.com' },
51 silly publish   repository:
51 silly publish    { type: 'git',
51 silly publish      url: 'git+https://github.com/evanlucas/help.git' },
51 silly publish   homepage: 'https://github.com/evanlucas/help',
51 silly publish   bugs: { url: 'https://github.com/evanlucas/help/issues' },
51 silly publish   gitHead: '73ed294e8fba72cf5191659c40ac1d4ca984195d',
51 silly publish   _id: 'help@3.0.2',
51 silly publish   _shasum: '96e190d4a0a453b89c2cb4b05ab38e3a8f9fdadd',
51 silly publish   _from: 'help@latest',
51 silly publish   _npmVersion: '3.8.6',
51 silly publish   _nodeVersion: '5.11.1',
51 silly publish   _npmUser: { name: 'evanlucas', email: 'evanlucas@me.com' },
51 silly publish   dist:
51 silly publish    { shasum: '96e190d4a0a453b89c2cb4b05ab38e3a8f9fdadd',
51 silly publish      tarball: 'https://registry.npmjs.org/help/-/help-3.0.2.tgz' },
51 silly publish   maintainers:
51 silly publish    [ { name: 'eh', email: 'evanlucas@me.com' },
51 silly publish      { name: 'evanlucas', email: 'evanlucas@me.com' } ],
51 silly publish   _npmOperationalInternal:
51 silly publish    { host: 'packages-16-east.internal.npmjs.com',
51 silly publish      tmp: 'tmp/help-3.0.2.tgz_1462673528184_0.7092594227287918' },
51 silly publish   directories: {},
51 silly publish   _resolved: 'https://registry.npmjs.org/help/-/help-3.0.2.tgz' }
52 info lifecycle help@3.0.2~prepublish: help@3.0.2
53 silly lifecycle help@3.0.2~prepublish: no script for prepublish, continuing
54 verbose getPublishConfig undefined
55 silly mapToRegistry name help
56 silly mapToRegistry using default registry
57 silly mapToRegistry registry https://registry.npmjs.org/
58 silly mapToRegistry data Result {
58 silly mapToRegistry   raw: 'help',
58 silly mapToRegistry   scope: null,
58 silly mapToRegistry   escapedName: 'help',
58 silly mapToRegistry   name: 'help',
58 silly mapToRegistry   rawSpec: '',
58 silly mapToRegistry   spec: 'latest',
58 silly mapToRegistry   type: 'tag' }
59 silly mapToRegistry uri https://registry.npmjs.org/help
60 verbose publish registryBase https://registry.npmjs.org/
61 silly publish uploading /home/caio/.npm/help/3.0.2/package.tgz
62 verbose request uri https://registry.npmjs.org/help
63 verbose request sending authorization for write operation
64 info attempt registry request try #1 at 7:31:16 PM
65 verbose request using bearer token for auth
66 http request PUT https://registry.npmjs.org/help
67 http 403 https://registry.npmjs.org/help
68 verbose headers { 'content-type': 'application/json',
68 verbose headers   'cache-control': 'max-age=300',
68 verbose headers   'content-length': '98',
68 verbose headers   'accept-ranges': 'bytes',
68 verbose headers   date: 'Fri, 29 Dec 2017 22:31:17 GMT',
68 verbose headers   via: '1.1 varnish',
68 verbose headers   connection: 'keep-alive',
68 verbose headers   'x-served-by': 'cache-gig17020-GIG',
68 verbose headers   'x-cache': 'MISS',
68 verbose headers   'x-cache-hits': '0',
68 verbose headers   'x-timer': 'S1514586677.611908,VS0,VE797',
68 verbose headers   vary: 'Accept-Encoding, Accept' }
69 verbose request invalidating /home/caio/.npm/registry.npmjs.org/help on PUT
70 error publish Failed PUT 403
71 verbose stack Error: You do not have permission to publish "help". Are you logged in as the correct user? : help
71 verbose stack     at makeError (/usr/local/lib/node_modules/npm/node_modules/npm-registry-client/lib/request.js:302:12)
71 verbose stack     at CachingRegistryClient.<anonymous> (/usr/local/lib/node_modules/npm/node_modules/npm-registry-client/lib/request.js:290:14)
71 verbose stack     at Request._callback (/usr/local/lib/node_modules/npm/node_modules/npm-registry-client/lib/request.js:210:14)
71 verbose stack     at Request.self.callback (/usr/local/lib/node_modules/npm/node_modules/request/request.js:187:22)
71 verbose stack     at emitTwo (events.js:106:13)
71 verbose stack     at Request.emit (events.js:191:7)
71 verbose stack     at Request.<anonymous> (/usr/local/lib/node_modules/npm/node_modules/request/request.js:1048:10)
71 verbose stack     at emitOne (events.js:96:13)
71 verbose stack     at Request.emit (events.js:188:7)
71 verbose stack     at IncomingMessage.<anonymous> (/usr/local/lib/node_modules/npm/node_modules/request/request.js:969:12)
72 verbose statusCode 403
73 verbose pkgid help
74 verbose cwd /home/caio/projects/bitgrailjs
75 error Linux 4.10.0-42-generic
76 error argv "/usr/local/bin/node" "/usr/local/bin/npm" "publish" "help"
77 error node v6.10.2
78 error npm  v3.10.10
79 error code E403
80 error You do not have permission to publish "help". Are you logged in as the correct user? : help
81 error If you need help, you may report this error at:
81 error     <https://github.com/npm/npm/issues>
82 verbose exit [ 1, true ]
